<?xml version="1.0" encoding="UTF-8"?>
<!-- Generated by org.testng.reporters.JUnitReportReporter -->
<testsuite hostname="DESKTOP-QLT8R1S" failures="0" tests="2" name="automationExercise.TestCase_12_Cart" time="0.001" errors="0" timestamp="2023-11-18T01:24:37 IST" skipped="2">
  <testcase classname="automationExercise.TestCase_12_Cart" name="product" time="0.000">
    <skipped/>
  </testcase> <!-- product -->
  <testcase classname="automationExercise.TestCase_12_Cart" name="productDetail" time="0.001">
    <skipped/>
  </testcase> <!-- productDetail -->
</testsuite> <!-- automationExercise.TestCase_12_Cart -->
