<?xml version="1.0" encoding="UTF-8"?>
<!-- Generated by org.testng.reporters.JUnitReportReporter -->
<testsuite hostname="DESKTOP-QLT8R1S" failures="0" tests="5" name="automationExercise.LoginUser" time="0.002" errors="0" timestamp="2023-11-18T01:24:37 IST" skipped="5">
  <testcase classname="automationExercise.LoginUser" name="signIN" time="0.001">
    <skipped/>
  </testcase> <!-- signIN -->
  <testcase classname="automationExercise.LoginUser" name="login" time="0.001">
    <skipped/>
  </testcase> <!-- login -->
  <testcase classname="automationExercise.LoginUser" name="loginWithWrongPass" time="0.000">
    <skipped/>
  </testcase> <!-- loginWithWrongPass -->
  <testcase classname="automationExercise.LoginUser" name="forLoggingOUT" time="0.000">
    <skipped/>
  </testcase> <!-- forLoggingOUT -->
  <testcase classname="automationExercise.LoginUser" name="signExistingUser" time="0.000">
    <skipped/>
  </testcase> <!-- signExistingUser -->
</testsuite> <!-- automationExercise.LoginUser -->
