<?xml version="1.0" encoding="UTF-8"?>
<!-- Generated by org.testng.reporters.JUnitReportReporter -->
<testsuite hostname="DESKTOP-QLT8R1S" failures="0" tests="1" name="automationExercise.TestCase_22_AddToCart" time="0.001" errors="0" timestamp="2023-11-18T01:24:37 IST" skipped="1">
  <testcase classname="automationExercise.TestCase_22_AddToCart" name="addtoCart" time="0.001">
    <skipped/>
  </testcase> <!-- addtoCart -->
</testsuite> <!-- automationExercise.TestCase_22_AddToCart -->
