<?xml version="1.0" encoding="UTF-8"?>
<!-- Generated by org.testng.reporters.JUnitReportReporter -->
<testsuite hostname="DESKTOP-QLT8R1S" failures="0" tests="4" name="automationExercise.TestCase_24_DownloadInvoice" time="0.000" errors="0" timestamp="2023-11-18T01:24:37 IST" skipped="4">
  <testcase classname="automationExercise.TestCase_24_DownloadInvoice" name="product" time="0.000">
    <skipped/>
  </testcase> <!-- product -->
  <testcase classname="automationExercise.TestCase_24_DownloadInvoice" name="signUp" time="0.000">
    <skipped/>
  </testcase> <!-- signUp -->
  <testcase classname="automationExercise.TestCase_24_DownloadInvoice" name="enterAccountInfo" time="0.000">
    <skipped/>
  </testcase> <!-- enterAccountInfo -->
  <testcase classname="automationExercise.TestCase_24_DownloadInvoice" name="cart" time="0.000">
    <skipped/>
  </testcase> <!-- cart -->
</testsuite> <!-- automationExercise.TestCase_24_DownloadInvoice -->
