<?xml version="1.0" encoding="UTF-8"?>
<!-- Generated by org.testng.reporters.JUnitReportReporter -->
<testsuite hostname="DESKTOP-QLT8R1S" failures="0" tests="3" name="automationExercise.TestCase_16_PlaceOrder_LoginBc" time="0.001" errors="0" timestamp="2023-11-18T01:24:37 IST" skipped="3">
  <testcase classname="automationExercise.TestCase_16_PlaceOrder_LoginBc" name="product" time="0.001">
    <skipped/>
  </testcase> <!-- product -->
  <testcase classname="automationExercise.TestCase_16_PlaceOrder_LoginBc" name="login" time="0.000">
    <skipped/>
  </testcase> <!-- login -->
  <testcase classname="automationExercise.TestCase_16_PlaceOrder_LoginBc" name="cart" time="0.000">
    <skipped/>
  </testcase> <!-- cart -->
</testsuite> <!-- automationExercise.TestCase_16_PlaceOrder_LoginBc -->
