<?xml version="1.0" encoding="UTF-8"?>
<!-- Generated by org.testng.reporters.JUnitReportReporter -->
<testsuite hostname="DESKTOP-QLT8R1S" failures="0" tests="1" name="automationExercise.TestCase_17_RemoveProducts" time="0.000" errors="0" timestamp="2023-11-18T01:24:37 IST" skipped="1">
  <testcase classname="automationExercise.TestCase_17_RemoveProducts" name="product" time="0.000">
    <skipped/>
  </testcase> <!-- product -->
</testsuite> <!-- automationExercise.TestCase_17_RemoveProducts -->
